<?xml version="1.0" encoding="UTF-8"?>
<!-- Generated by org.testng.reporters.JUnitXMLReporter -->
<testsuite hostname="MacWin8" name="Links chrome" tests="1" failures="1" timestamp="15 Oct 2015 17:18:55 GMT" time="0.036" errors="0">
  <testcase name="Linkstestin" time="0.004" classname="testsuite.Links">
    <failure type="java.lang.NullPointerException">
      <![CDATA[java.lang.NullPointerException
	at testsuite.Links.Linkstestin(Links.java:13)
... Removed 24 stack frames]]>
    </failure>
  </testcase> <!-- Linkstestin -->
</testsuite> <!-- Links chrome -->
