<?xml version="1.0" encoding="UTF-8"?>
<!-- Generated by org.testng.reporters.JUnitXMLReporter -->
<testsuite hostname="MacWin8" name="Login newtours" tests="1" failures="1" timestamp="15 Oct 2015 17:18:55 GMT" time="0.137" errors="0">
  <testcase name="logintest" time="0.078" classname="testsuite.Login">
    <failure type="java.lang.NullPointerException">
      <![CDATA[java.lang.NullPointerException
	at testsuite.Login.logintest(Login.java:10)
... Removed 24 stack frames]]>
    </failure>
  </testcase> <!-- logintest -->
</testsuite> <!-- Login newtours -->
