<?xml version="1.0" encoding="UTF-8"?>
<!-- Generated by org.testng.reporters.JUnitXMLReporter -->
<testsuite hostname="MacWin8" name="Login on newtours" tests="1" failures="1" timestamp="15 Oct 2015 17:57:56 GMT" time="19.39" errors="0">
  <testcase name="logintest" time="0.037" classname="Grid.Grid1">
    <failure type="java.lang.NullPointerException">
      <![CDATA[java.lang.NullPointerException
	at Grid.Grid1.logintest(Grid1.java:22)
... Removed 24 stack frames]]>
    </failure>
  </testcase> <!-- logintest -->
</testsuite> <!-- Login on newtours -->
