<?xml version="1.0" encoding="UTF-8"?>
<!-- Generated by org.testng.reporters.JUnitXMLReporter -->
<testsuite hostname="MacWin8" name="Login1 on newtours" tests="1" failures="1" timestamp="15 Oct 2015 17:58:14 GMT" time="17.226" errors="0">
  <testcase name="logintest" time="0.004" classname="Grid.Grid1">
    <failure type="java.lang.NullPointerException">
      <![CDATA[java.lang.NullPointerException
	at Grid.Grid1.logintest(Grid1.java:22)
... Removed 24 stack frames]]>
    </failure>
  </testcase> <!-- logintest -->
</testsuite> <!-- Login1 on newtours -->
